

==============================



There are several ways to implement a dynamic page website with simple programmable page views. 

1. Use a CMS (Content Management System) such as WordPress which allows for the creation of dynamic pages with simple programmable page views. WordPress allows for the implementation of plugins and themes for further customization of the page.

2. Use a JavaScript framework such as React or Angular which are both popular choices for interactive web applications. These frameworks can be used to create dynamic page views that can be programmed easily.

3. Use a web server such as Node.js or Apache which allows for the creation of dynamic page views by way of server-side scripting. This is a great option for those who are comfortable with programming and have some experience in web development.

4. Use a static site generator such as Jekyll or Hugo which allow for the creation of dynamic page views with simple programmable page views. This is a great option for those who are comfortable with coding and want to create a website quickly.


A dynamic page website can be implemented using a content management system (CMS) such as WordPress, Drupal, or Joomla. These systems allow you to create and edit page content, and the pages can be designed and programmed to create dynamic page views. The CMS will also provide the tools needed to create and manage a website, such as a theme system, plugins, and custom code. Additionally, many of these systems offer a range of plugins and modules that can be used to create more complex page views.


You can create a dynamic page website using a content management system (CMS) such as WordPress, Joomla, Drupal, or Magento. These CMSs provide an easy way to create and manage content, as well as create dynamic page views. Some of the features included in these CMSs are page templates, widgets, and plugins that allow you to customize the look and functionality of your website. Additionally, you can use HTML, CSS, and JavaScript to create custom page views.


There are a few different ways to create a dynamic page website with simple programmable page views. 

1. Using a Content Management System (CMS): A CMS, such as WordPress, Drupal, or Joomla, will allow you to easily create and manage dynamic pages with custom page views. These systems come with themes and plugins that help you create the look and feel of the site you want.

2. Using a Web Framework: You can also use a web framework, such as Ruby on Rails, to create a dynamic page website with custom page views. This will require more technical knowledge, but it can give you more control over how your pages are displayed.

3. Using HTML and JavaScript: You can also create dynamic pages with HTML and JavaScript. This requires more programming knowledge, but it can give you more control over how the page views are displayed.

4. Using a Pre-Built Solution: There are also a variety of pre-built solutions that you can use to create dynamic page websites with custom page views. These solutions may require some setup and customization, but they can help you get your website up and running quickly.


A dynamic page website can be implemented using a web framework like Ruby on Rails, Django, or Laravel. Each of these frameworks provide tools to build complex web applications, including dynamic page views that can be programmed to fit the specific needs of your website.

In Ruby on Rails, for example, you can use the ActionView helper to create dynamic page views. This helper allows you to render different views depending on the user's input or other conditions. You can also use the ActionController to handle data and respond to requests from the user.

In Django, you can use the Django templating system to create dynamic page views. The Django templating system allows you to build complex webpages using HTML, CSS, and other programming languages.

In Laravel, you can use the Laravel Blade templating engine to create dynamic page views. Blade allows you to write clean and concise code to rapidly create complex webpages.

No matter which framework you choose, you can use the tools provided to create dynamic page views that are programmable and customizable.


Dynamic page websites are websites that allow you to quickly and easily create and modify page views. To implement a dynamic page website with very simple programmable page views, you will need to use a server-side scripting language such as PHP, ASP.NET, or Node.js. Using these languages, you can create pages with custom HTML and CSS code that can be dynamically generated and modified based on user input. You will also need a database to store your page view data and a web server to host your site. Finally, you will need to create a user interface that allows users to view, create, and modify page views.


A dynamic page website can be implemented using a server-side language such as PHP, ASP.NET, or Java. These languages allow you to create dynamic page views that are programmed or customized for each page. For example, you can create a page view that displays content from a database, or a page view that displays content from a user-submitted form. You can also use JavaScript to create dynamic page views, such as an interactive carousel or a dynamic slideshow.


The best way to implement a dynamic page website with simple programmable page views is to use a web development framework such as React, Angular, or Vue.js. These frameworks allow you to create dynamic page views with a few lines of code. Additionally, they make it easy to create reactive elements and components that can be reused across multiple pages. Finally, they provide a variety of tools and libraries that make it easy to create a consistent and efficient user experience.


There are several ways to implement a dynamic page website with very simple programmable page views. 

1. Use a Content Management System (CMS) such as WordPress, Joomla, Drupal, Magento, Shopify, etc. These CMSs provide an easy way to create and edit content on a website. They also provide a template system which allow you to create custom page views that can be programmed to display the content you want.

2. Use a web framework such as Ruby on Rails, Node.js, Django, or ASP.NET. These frameworks provide a powerful way to create dynamic websites with a wide range of functionality. They also allow you to create custom page views with programmable logic.

3. Use a combination of HTML, CSS, and JavaScript. This approach requires a bit more knowledge and understanding of web technologies but provides the most flexibility in terms of what you can do. You can create custom page views using HTML, CSS, and JavaScript and add programmable logic to them.


A dynamic page website can be implemented with a variety of programming languages, such as HTML, CSS, JavaScript, and server-side scripting languages like PHP, ASP, and JSP. To create simple page views, you can use HTML and CSS to create the basic structure of the page and use JavaScript to add interactive elements. You can also use server-side scripting languages to generate dynamic content, such as forms, menus, and other interactive elements. Additionally, you can use libraries like jQuery to simplify the process of creating dynamic page views.
